d:\sourcetree\edurend\obj\x86\debug\vc120.pdb
d:\sourcetree\edurend\obj\x86\debug\vc120.idb
d:\sourcetree\edurend\obj\x86\debug\geometry.obj
d:\sourcetree\edurend\obj\x86\debug\inputhandler.obj
d:\sourcetree\edurend\obj\x86\debug\mesh.obj
d:\sourcetree\edurend\obj\x86\debug\mat.obj
d:\sourcetree\edurend\obj\x86\debug\vec.obj
d:\sourcetree\edurend\obj\x86\debug\main.obj
d:\sourcetree\edurend\bin\x86\edurendd.ilk
d:\sourcetree\edurend\bin\x86\edurendd.exe
d:\sourcetree\edurend\bin\x86\edurendd.pdb
d:\sourcetree\edurend\source\../bin/x86/edurendd.pdb
d:\sourcetree\edurend\source\../bin/x86/edurendd.exe
d:\sourcetree\edurend\source\../bin/x86/edurendd.ilk
d:\sourcetree\edurend\obj\x86\debug\edurend.tlog\cl.command.1.tlog
d:\sourcetree\edurend\obj\x86\debug\edurend.tlog\cl.read.1.tlog
d:\sourcetree\edurend\obj\x86\debug\edurend.tlog\cl.write.1.tlog
d:\sourcetree\edurend\obj\x86\debug\edurend.tlog\link.command.1.tlog
d:\sourcetree\edurend\obj\x86\debug\edurend.tlog\link.read.1.tlog
d:\sourcetree\edurend\obj\x86\debug\edurend.tlog\link.write.1.tlog
