Build started 2016-04-29 10:13:48.
     1>Project "C:\Users\Spellabbet\Documents\eduRend\source\Template.vcxproj" on node 2 (Build target(s)).
     1>InitializeBuildStatus:
         Touching "C:\Users\Spellabbet\Documents\eduRend\source\../Obj/x86/Debug/eduRend.tlog\unsuccessfulbuild".
       ClCompile:
         All outputs are up-to-date.
       Link:
         C:\Program Files (x86)\Microsoft Visual Studio 12.0\VC\bin\link.exe /ERRORREPORT:PROMPT /OUT:"C:\Users\Spellabbet\Documents\eduRend\source\../Bin/x86/eduRendD.exe" /INCREMENTAL /NOLOGO /LIBPATH:..\DirectXTK\lib\debug DirectXTK.lib kernel32.lib user32.lib gdi32.lib winspool.lib comdlg32.lib advapi32.lib shell32.lib ole32.lib oleaut32.lib uuid.lib odbc32.lib odbccp32.lib /MANIFEST /MANIFESTUAC:"level='asInvoker' uiAccess='false'" /manifest:embed /DEBUG /PDB:"C:\Users\Spellabbet\Documents\eduRend\source\../Bin/x86/eduRendD.pdb" /SUBSYSTEM:WINDOWS /TLBID:1 /DYNAMICBASE:NO /IMPLIB:"C:\Users\Spellabbet\Documents\eduRend\source\../Bin/x86/eduRendD.lib" /MACHINE:X86 /SAFESEH C:\Users\Spellabbet\Documents\eduRend\source\../Obj/x86/Debug/Geometry.obj
         C:\Users\Spellabbet\Documents\eduRend\source\../Obj/x86/Debug/InputHandler.obj
         C:\Users\Spellabbet\Documents\eduRend\source\../Obj/x86/Debug/mesh.obj
         C:\Users\Spellabbet\Documents\eduRend\source\../Obj/x86/Debug/Main.obj
         C:\Users\Spellabbet\Documents\eduRend\source\../Obj/x86/Debug/mat.obj
         C:\Users\Spellabbet\Documents\eduRend\source\../Obj/x86/Debug/vec.obj
         Template.vcxproj -> C:\Users\Spellabbet\Documents\eduRend\source\../Bin/x86/eduRendD.exe
       FinalizeBuildStatus:
         Deleting file "C:\Users\Spellabbet\Documents\eduRend\source\../Obj/x86/Debug/eduRend.tlog\unsuccessfulbuild".
         Touching "C:\Users\Spellabbet\Documents\eduRend\source\../Obj/x86/Debug/eduRend.tlog\eduRend.lastbuildstate".
     1>Done Building Project "C:\Users\Spellabbet\Documents\eduRend\source\Template.vcxproj" (Build target(s)).

Build succeeded.

Time Elapsed 00:00:00.26
